[19:47:25] [main/INFO] (FabricLoader/GameProvider) Loading Minecraft 1.21.10 with Fabric Loader 0.18.2
[19:47:25] [main/INFO] (FabricLoader) Loading 51 mods:
	- caveborn 1.0-1.21.10
	- fabric-api 0.138.3+1.21.10
	- fabric-api-base 1.0.0+14b92d896f
	- fabric-api-lookup-api-v1 1.6.106+d17682156f
	- fabric-biome-api-v1 16.1.0+c2417d4f6f
	- fabric-block-api-v1 1.1.5+d17682156f
	- fabric-block-view-api-v2 1.0.34+e4fd1b926f
	- fabric-client-gametest-api-v1 4.2.13+14b92d896f
	- fabric-command-api-v2 2.4.0+c0ab2d5d6f
	- fabric-content-registries-v0 10.2.6+b6a242646f
	- fabric-convention-tags-v1 2.1.49+7f945d5b6f
	- fabric-convention-tags-v2 2.17.0+ff7bc77d6f
	- fabric-crash-report-info-v1 0.3.18+33df5e6e6f
	- fabric-data-attachment-api-v1 1.8.33+cd3b9e596f
	- fabric-data-generation-api-v1 23.2.27+d8b85ef16f
	- fabric-dimensions-v1 4.0.22+38b9cc196f
	- fabric-entity-events-v1 2.1.13+fde3702c6f
	- fabric-events-interaction-v0 4.0.36+5ba217126f
	- fabric-game-rule-api-v1 1.1.1+e47eaae56f
	- fabric-gametest-api-v1 3.1.21+33df5e6e6f
	- fabric-item-api-v1 11.5.11+9bce411b6f
	- fabric-item-group-api-v1 4.2.27+86b3ae576f
	- fabric-key-binding-api-v1 1.1.1+b3ba9c486f
	- fabric-lifecycle-events-v1 2.6.9+33df5e6e6f
	- fabric-loot-api-v2 3.0.67+3f89f5a56f
	- fabric-loot-api-v3 2.0.14+d17682156f
	- fabric-message-api-v1 6.1.7+3154c1c86f
	- fabric-model-loading-api-v1 6.0.4+3ffd6ef06f
	- fabric-networking-api-v1 5.1.0+b095d8db6f
	- fabric-object-builder-api-v1 21.1.28+9bce411b6f
	- fabric-particles-v1 4.2.3+a0ee59a46f
	- fabric-recipe-api-v1 8.2.0+39709ef06f
	- fabric-registry-sync-v0 6.1.42+679c8c5c6f
	- fabric-renderer-api-v1 7.2.2+3706cdf36f
	- fabric-renderer-indigo 4.1.3+d7df91576f
	- fabric-rendering-fluids-v1 3.1.38+86b3ae576f
	- fabric-rendering-v1 16.2.0+bee81f016f
	- fabric-resource-conditions-api-v1 5.0.28+33df5e6e6f
	- fabric-resource-loader-v0 3.3.1+d4d4122a6f
	- fabric-resource-loader-v1 1.0.4+14959b836f
	- fabric-screen-api-v1 3.1.0+9c82a7986f
	- fabric-screen-handler-api-v1 1.3.151+d17682156f
	- fabric-serialization-api-v1 1.0.0+d857c9766f
	- fabric-sound-api-v1 1.0.45+328a75ba6f
	- fabric-tag-api-v1 1.2.13+2fa446b26f
	- fabric-transfer-api-v1 6.0.15+79ec2c126f
	- fabric-transitive-access-wideners-v1 6.5.3+41eb43436f
	- fabricloader 0.18.2
	- java 21
	- minecraft 1.21.10
	- mixinextras 0.5.0
[19:47:26] [main/INFO] (FabricLoader/Mixin) SpongePowered MIXIN Subsystem Version=0.8.7 Source=file:/D:/gradle/caches/modules-2/files-2.1/net.fabricmc/sponge-mixin/0.16.5+mixin.0.8.7/80fc3a9f592673cea87f4cd702f87991c6c9fe4d/sponge-mixin-0.16.5+mixin.0.8.7.jar Service=Knot/Fabric Env=CLIENT
[19:47:26] [main/INFO] (FabricLoader/Mixin) Loaded Fabric development mappings for mixin remapper!
[19:47:26] [main/INFO] (FabricLoader/Mixin) Compatibility level set to JAVA_21
[19:47:27] [main/INFO] (FabricLoader/MixinExtras|Service) Initializing MixinExtras via com.llamalad7.mixinextras.service.MixinExtrasServiceImpl(version=0.5.0).
[19:47:28] [Datafixer Bootstrap/INFO] (Minecraft) 278 Datafixer optimizations took 418 milliseconds
[19:47:32] [Render thread/INFO] (Minecraft) Environment: Environment[sessionHost=https://sessionserver.mojang.com, servicesHost=https://api.minecraftservices.com, profilesHost=https://api.mojang.com, name=PROD]
[19:47:32] [Render thread/INFO] (Minecraft) Setting user: Player889
[19:47:33] [Render thread/INFO] (caveborn) Registering Mod Blocks for caveborn
[19:47:33] [Render thread/INFO] (caveborn) Registering Mod Items for caveborn
[19:47:33] [Render thread/INFO] (caveborn) Caveborn mod initialized!
[19:47:33] [Render thread/INFO] (Indigo) [Indigo] Registering Indigo renderer!
[19:47:33] [Download-2/ERROR] (Minecraft) Failed to fetch user properties
com.mojang.authlib.exceptions.InvalidCredentialsException: Status: 401
	at knot/com.mojang.authlib.exceptions.MinecraftClientHttpException.toAuthenticationException(MinecraftClientHttpException.java:59) ~[authlib-7.0.61.jar:?]
	at knot/com.mojang.authlib.yggdrasil.YggdrasilUserApiService.fetchProperties(YggdrasilUserApiService.java:150) ~[authlib-7.0.61.jar:?]
	at knot/net.minecraft.client.MinecraftClient.method_55608(MinecraftClient.java:465) ~[minecraft-clientOnly-6227aad8ee-1.21.10-net.fabricmc.yarn.1_21_10.1.21.10+build.3-v2.jar:?]
	at java.base/java.util.concurrent.CompletableFuture$AsyncSupply.run(CompletableFuture.java:1768) ~[?:?]
	at java.base/java.util.concurrent.ThreadPoolExecutor.runWorker(ThreadPoolExecutor.java:1144) ~[?:?]
	at java.base/java.util.concurrent.ThreadPoolExecutor$Worker.run(ThreadPoolExecutor.java:642) ~[?:?]
	at java.base/java.lang.Thread.run(Thread.java:1583) [?:?]
Caused by: com.mojang.authlib.exceptions.MinecraftClientHttpException: Status: 401
	at knot/com.mojang.authlib.minecraft.client.MinecraftClient.readInputStream(MinecraftClient.java:103) ~[authlib-7.0.61.jar:?]
	at knot/com.mojang.authlib.minecraft.client.MinecraftClient.get(MinecraftClient.java:56) ~[authlib-7.0.61.jar:?]
	at knot/com.mojang.authlib.yggdrasil.YggdrasilUserApiService.fetchProperties(YggdrasilUserApiService.java:121) ~[authlib-7.0.61.jar:?]
	... 5 more
[19:47:33] [Render thread/INFO] (FabricDataGenHelper) Running data generator for caveborn
[19:47:33] [Render thread/INFO] (Minecraft) Starting provider: CaveBorn/Tags for minecraft:block
[19:47:33] [Render thread/INFO] (Minecraft) CaveBorn/Tags for minecraft:block finished after 10 ms
[19:47:33] [Render thread/INFO] (Minecraft) Starting provider: CaveBorn/Tags for minecraft:item
[19:47:33] [Render thread/INFO] (Minecraft) CaveBorn/Tags for minecraft:item finished after 1 ms
[19:47:33] [Render thread/INFO] (Minecraft) Starting provider: CaveBorn/Caveborn Recipes
[19:47:33] [Render thread/INFO] (Minecraft) CaveBorn/Caveborn Recipes finished after 36 ms
[19:47:33] [Render thread/INFO] (Minecraft) Starting provider: CaveBorn/Model Definitions
[19:47:34] [Render thread/INFO] (Minecraft) CaveBorn/Model Definitions finished after 70 ms
[19:47:34] [Render thread/INFO] (Minecraft) Starting provider: CaveBorn/Block Loot Tables
[19:47:34] [Render thread/INFO] (Minecraft) CaveBorn/Block Loot Tables finished after 11 ms
[19:47:34] [Render thread/INFO] (Minecraft) Starting provider: CaveBorn/World Gen
[19:47:34] [Render thread/INFO] (Minecraft) CaveBorn/World Gen finished after 4 ms
[19:47:34] [Render thread/INFO] (Minecraft) All providers took: 135 ms
[19:47:34] [Render thread/INFO] (Minecraft) Caching: total files: 150, old count: 149, new count: 151, removed stale: 0, written: 1
